[DB] Connection error (attempt 1/3), retrying in 500ms...
[DB] Connection error (attempt 1/3), retrying in 500ms...
[DB] Connection error (attempt 1/3), retrying in 500ms...
[DB] Connection error (attempt 2/3), retrying in 1000ms...
[DB] Connection error (attempt 2/3), retrying in 1000ms...
[DB] Connection error (attempt 2/3), retrying in 1000ms...
[PublicLayout] Failed to fetch site settings: 
Invalid `prisma.siteSettings.findFirst()` invocation:


Error opening a TLS connection: No credentials are available in the security package (os error -2146893042)
[HomePage] DB error: 
Invalid `prisma.page.findUnique()` invocation:


Error opening a TLS connection: No credentials are available in the security package (os error -2146893042)
[DB] Connection error (attempt 1/3), retrying in 500ms...
[DB] Connection error (attempt 1/3), retrying in 500ms...
[DB] Connection error (attempt 1/3), retrying in 500ms...
[DB] Connection error (attempt 2/3), retrying in 1000ms...
[DB] Connection error (attempt 2/3), retrying in 1000ms...
[DB] Connection error (attempt 2/3), retrying in 1000ms...
[DB] Connection error (attempt 1/3), retrying in 500ms...
[DB] Connection error (attempt 1/3), retrying in 500ms...
[PublicLayout] Failed to fetch site settings: 
Invalid `prisma.siteSettings.findFirst()` invocation:


Error opening a TLS connection: No credentials are available in the security package (os error -2146893042)
[DB] Connection error (attempt 2/3), retrying in 1000ms...
[DB] Connection error (attempt 2/3), retrying in 1000ms...
[HomePage] DB error: 
Invalid `prisma.page.findUnique()` invocation:


Error opening a TLS connection: No credentials are available in the security package (os error -2146893042)
[DB] Connection error (attempt 1/3), retrying in 500ms...
[DB] Connection error (attempt 1/3), retrying in 500ms...
[DB] Connection error (attempt 1/3), retrying in 500ms...
[DB] Connection error (attempt 2/3), retrying in 1000ms...
[DB] Connection error (attempt 2/3), retrying in 1000ms...
[DB] Connection error (attempt 2/3), retrying in 1000ms...
⨯ Error [PrismaClientInitializationError]: 
Invalid `prisma.page.findUnique()` invocation:


Error opening a TLS connection: No credentials are available in the security package (os error -2146893042)
    at async f (D:\2026\vps\.next\server\chunks\ssr\[root-of-the-server]__2036812b._.js:1:503)
    at async Module.h (D:\2026\vps\.next\server\chunks\ssr\[root-of-the-server]__7e6c30f4._.js:1:491) {
  clientVersion: '6.19.2',
  errorCode: undefined,
  retryable: undefined,
  digest: '3489254129'
}
⨯ Error [PrismaClientInitializationError]: 
Invalid `prisma.page.findUnique()` invocation:


Error opening a TLS connection: No credentials are available in the security package (os error -2146893042)
    at async f (D:\2026\vps\.next\server\chunks\ssr\[root-of-the-server]__2036812b._.js:1:503)
    at async i (D:\2026\vps\.next\server\chunks\ssr\[root-of-the-server]__7e6c30f4._.js:1:803) {
  clientVersion: '6.19.2',
  errorCode: undefined,
  retryable: undefined,
  digest: '3661902531'
}
ResponseAborted: 
    at ignore-listed frames
[PublicLayout] Failed to fetch site settings: 
Invalid `prisma.siteSettings.findFirst()` invocation:


Error opening a TLS connection: No credentials are available in the security package (os error -2146893042)
[DB] Connection error (attempt 1/3), retrying in 500ms...
[DB] Connection error (attempt 1/3), retrying in 500ms...
[DB] Connection error (attempt 1/3), retrying in 500ms...
[DB] Connection error (attempt 1/3), retrying in 500ms...
[DB] Connection error (attempt 1/3), retrying in 500ms...
[HomePage] DB error: 
Invalid `prisma.page.findUnique()` invocation:


Error opening a TLS connection: No credentials are available in the security package (os error -2146893042)
[DB] Connection error (attempt 2/3), retrying in 1000ms...
[DB] Connection error (attempt 2/3), retrying in 1000ms...
[DB] Connection error (attempt 2/3), retrying in 1000ms...
[DB] Connection error (attempt 2/3), retrying in 1000ms...
[DB] Connection error (attempt 2/3), retrying in 1000ms...
[DB] Connection error (attempt 1/3), retrying in 500ms...
[DB] Connection error (attempt 1/3), retrying in 500ms...
[DB] Connection error (attempt 1/3), retrying in 500ms...
[DB] Connection error (attempt 1/3), retrying in 500ms...
[DB] Connection error (attempt 1/3), retrying in 500ms...
[DB] Connection error (attempt 2/3), retrying in 1000ms...
[DB] Connection error (attempt 2/3), retrying in 1000ms...
[DB] Connection error (attempt 2/3), retrying in 1000ms...
[DB] Connection error (attempt 2/3), retrying in 1000ms...
[DB] Connection error (attempt 2/3), retrying in 1000ms...
⨯ Error [PrismaClientInitializationError]: 
Invalid `prisma.page.findUnique()` invocation:


Error opening a TLS connection: No credentials are available in the security package (os error -2146893042)
    at async f (D:\2026\vps\.next\server\chunks\ssr\[root-of-the-server]__2036812b._.js:1:503)
    at async Module.h (D:\2026\vps\.next\server\chunks\ssr\[root-of-the-server]__7e6c30f4._.js:1:491) {
  clientVersion: '6.19.2',
  errorCode: undefined,
  retryable: undefined,
  digest: '3489254129'
}
⨯ Error [PrismaClientInitializationError]: 
Invalid `prisma.page.findUnique()` invocation:


Error opening a TLS connection: No credentials are available in the security package (os error -2146893042)
    at async f (D:\2026\vps\.next\server\chunks\ssr\[root-of-the-server]__2036812b._.js:1:503)
    at async i (D:\2026\vps\.next\server\chunks\ssr\[root-of-the-server]__7e6c30f4._.js:1:803) {
  clientVersion: '6.19.2',
  errorCode: undefined,
  retryable: undefined,
  digest: '3661902531'
}
ResponseAborted: 
    at ignore-listed frames
[DB] Connection error (attempt 1/3), retrying in 500ms...
[DB] Connection error (attempt 2/3), retrying in 1000ms...
^C